2026-01-29 15:43:12,137 - PixArt - INFO - Distributed environment: NO
Num processes: 1
Process index: 0
Local process index: 0
Device: cpu

Mixed precision type: fp16

2026-01-29 15:43:12,177 - PixArt - INFO - Config: 
data_root = './'
data = dict(
    type='PanCancerControlNetData',
    root='./',
    image_list_json=['data_info.json'],
    transform='default_train',
    load_vae_feat=True,
    load_t5_feat=True,
    resolution=256,
    vae_prefix='sd3_vae',
    ssl_prefix='uni',
    mask_prefix='mask',
    patch_names_file='patch_names_controlnet.hdf5')
image_size = 256
train_batch_size = 1
eval_batch_size = 16
use_fsdp = False
valid_num = 0
fp32_attention = True
model = 'PixArt_XL_2_UNI_ControlNet'
aspect_ratio_type = None
multi_scale = False
pe_interpolation = 0.5
qk_norm = False
kv_compress = False
kv_compress_config = dict(sampling=None, scale_factor=1, kv_compress_layer=[])
num_workers = 16
train_sampling_steps = 500
visualize = False
deterministic_validation = False
eval_sampling_steps = 250
model_max_length = 1
lora_rank = 4
num_epochs = 25
gradient_accumulation_steps = 1
grad_checkpointing = True
gradient_clip = 0.01
gc_step = 1
auto_lr = None
validation_prompts = [
    'dog',
    'portrait photo of a girl, photograph, highly detailed face, depth of field',
    'Self-portrait oil painting, a beautiful cyborg with golden hair, 8k',
    'Astronaut in a jungle, cold color palette, muted colors, detailed, 8k',
    'A photo of beautiful mountain with realistic sunset and blue lake, highly detailed, masterpiece'
]
optimizer = dict(
    type='AdamW', lr=1e-05, weight_decay=0.0, eps=1e-08, betas=(0.9, 0.999))
lr_schedule = 'constant'
lr_schedule_args = dict(num_warmup_steps=500)
save_image_epochs = 1
save_model_epochs = 5
save_model_steps = 500
sample_posterior = True
mixed_precision = 'fp16'
scale_factor = 1.5305
ema_rate = 0.9999
tensorboard_mox_interval = 50
log_interval = 20
cfg_scale = 4
mask_type = 'null'
num_group_tokens = 0
mask_loss_coef = 0.0
load_mask_index = False
vae_pretrained = './/pretrained_models/sd-3.5-vae/vae'
load_from = './/pretrained_models/pixcell-256/transformer'
resume_from = None
snr_loss = True
real_prompt_ratio = 1.0
class_dropout_prob = 0.1
work_dir = './/checkpoints/pixcell_controlnet_full'
s3_work_dir = None
micro_condition = False
seed = 42
skip_step = 0
loss_type = 'huber'
huber_c = 0.001
num_ddim_timesteps = 50
w_max = 15.0
w_min = 3.0
ema_decay = 0.95
root = './'
model_path = './/pretrained_models/pixcell-256/transformer'
shift_factor = 0.0609
controlnet_config = dict(
    zero_init_conv_out=True, copy_base_layers=True, conditioning_scale=1.0)
use_discriminator = False
discriminator = dict(
    type='latent',
    latent_channels=16,
    num_filters=64,
    use_spectral_norm=True,
    loss_type='hinge')
discriminator_optimizer = dict(
    type='AdamW', lr=4e-05, weight_decay=0.0, betas=(0.5, 0.999), eps=1e-08)
adversarial_weight = 0.1
use_segmentation_consistency = False
cellpose_model_type = 'cyto2'
cell_diameter = 30
consistency_loss_type = 'combined'
consistency_weight = 0.5
consistency_check_interval = 10
model_kwargs = dict(
    use_controlnet=True,
    controlnet_config=dict(
        zero_init_conv_out=True, copy_base_layers=True,
        conditioning_scale=1.0))

2026-01-29 15:43:12,177 - PixArt - INFO - World_size: 1, seed: 42
2026-01-29 15:43:12,178 - PixArt - INFO - Initializing: DDP for ControlNet training
2026-01-29 15:44:27,702 - PixArt - INFO - vae scale factor: 1.5305
2026-01-29 15:44:27,706 - PixArt - INFO - Building PixCell model architecture...
2026-01-29 15:43:19,070 - PixArt - WARNING - PixArt + ControlNet initialized
2026-01-29 15:43:19,070 - PixArt - WARNING - Base model frozen: True
2026-01-29 15:43:19,070 - PixArt - WARNING - ControlNet depth: 14/28
2026-01-29 15:43:19,070 - PixArt - WARNING - Position embed interpolation: 0.5, base size: 16
2026-01-29 15:43:19,070 - PixArt - WARNING - KV compress config: {'sampling': None, 'scale_factor': 1, 'kv_compress_layer': []}
2026-01-29 15:43:19,078 - PixArt - INFO - Loading pretrained base model weights from pretrained_models/pixcell-256/transformer/diffusion_pytorch_model.safetensors
2026-01-29 15:43:20,325 - PixArt - INFO - Load checkpoint from pretrained_models/pixcell-256/transformer/diffusion_pytorch_model.safetensors. Load ema: False.
2026-01-29 15:43:20,374 - PixArt - INFO - Missing keys: 270
2026-01-29 15:43:20,374 - PixArt - INFO - Unexpected keys: 0
2026-01-29 15:43:20,374 - PixArt - WARNING - Missing keys (first 10): ['pos_embed', 'controlnet.pos_embed', 'controlnet.control_x_embedder.proj.weight', 'controlnet.control_x_embedder.proj.bias', 'controlnet.control_blocks.0.scale_shift_table', 'controlnet.control_blocks.0.attn.qkv.weight', 'controlnet.control_blocks.0.attn.qkv.bias', 'controlnet.control_blocks.0.attn.proj.weight', 'controlnet.control_blocks.0.attn.proj.bias', 'controlnet.control_blocks.0.cross_attn.q_linear.weight', 'controlnet.control_blocks.0.cross_attn.q_linear.bias', 'controlnet.control_blocks.0.cross_attn.kv_linear.weight', 'controlnet.control_blocks.0.cross_attn.kv_linear.bias', 'controlnet.control_blocks.0.cross_attn.proj.weight', 'controlnet.control_blocks.0.cross_attn.proj.bias', 'controlnet.control_blocks.0.mlp.fc1.weight', 'controlnet.control_blocks.0.mlp.fc1.bias', 'controlnet.control_blocks.0.mlp.fc2.weight', 'controlnet.control_blocks.0.mlp.fc2.bias', 'controlnet.control_blocks.1.scale_shift_table', 'controlnet.control_blocks.1.attn.qkv.weight', 'controlnet.control_blocks.1.attn.qkv.bias', 'controlnet.control_blocks.1.attn.proj.weight', 'controlnet.control_blocks.1.attn.proj.bias', 'controlnet.control_blocks.1.cross_attn.q_linear.weight', 'controlnet.control_blocks.1.cross_attn.q_linear.bias', 'controlnet.control_blocks.1.cross_attn.kv_linear.weight', 'controlnet.control_blocks.1.cross_attn.kv_linear.bias', 'controlnet.control_blocks.1.cross_attn.proj.weight', 'controlnet.control_blocks.1.cross_attn.proj.bias', 'controlnet.control_blocks.1.mlp.fc1.weight', 'controlnet.control_blocks.1.mlp.fc1.bias', 'controlnet.control_blocks.1.mlp.fc2.weight', 'controlnet.control_blocks.1.mlp.fc2.bias', 'controlnet.control_blocks.2.scale_shift_table', 'controlnet.control_blocks.2.attn.qkv.weight', 'controlnet.control_blocks.2.attn.qkv.bias', 'controlnet.control_blocks.2.attn.proj.weight', 'controlnet.control_blocks.2.attn.proj.bias', 'controlnet.control_blocks.2.cross_attn.q_linear.weight', 'controlnet.control_blocks.2.cross_attn.q_linear.bias', 'controlnet.control_blocks.2.cross_attn.kv_linear.weight', 'controlnet.control_blocks.2.cross_attn.kv_linear.bias', 'controlnet.control_blocks.2.cross_attn.proj.weight', 'controlnet.control_blocks.2.cross_attn.proj.bias', 'controlnet.control_blocks.2.mlp.fc1.weight', 'controlnet.control_blocks.2.mlp.fc1.bias', 'controlnet.control_blocks.2.mlp.fc2.weight', 'controlnet.control_blocks.2.mlp.fc2.bias', 'controlnet.control_blocks.3.scale_shift_table', 'controlnet.control_blocks.3.attn.qkv.weight', 'controlnet.control_blocks.3.attn.qkv.bias', 'controlnet.control_blocks.3.attn.proj.weight', 'controlnet.control_blocks.3.attn.proj.bias', 'controlnet.control_blocks.3.cross_attn.q_linear.weight', 'controlnet.control_blocks.3.cross_attn.q_linear.bias', 'controlnet.control_blocks.3.cross_attn.kv_linear.weight', 'controlnet.control_blocks.3.cross_attn.kv_linear.bias', 'controlnet.control_blocks.3.cross_attn.proj.weight', 'controlnet.control_blocks.3.cross_attn.proj.bias', 'controlnet.control_blocks.3.mlp.fc1.weight', 'controlnet.control_blocks.3.mlp.fc1.bias', 'controlnet.control_blocks.3.mlp.fc2.weight', 'controlnet.control_blocks.3.mlp.fc2.bias', 'controlnet.control_blocks.4.scale_shift_table', 'controlnet.control_blocks.4.attn.qkv.weight', 'controlnet.control_blocks.4.attn.qkv.bias', 'controlnet.control_blocks.4.attn.proj.weight', 'controlnet.control_blocks.4.attn.proj.bias', 'controlnet.control_blocks.4.cross_attn.q_linear.weight', 'controlnet.control_blocks.4.cross_attn.q_linear.bias', 'controlnet.control_blocks.4.cross_attn.kv_linear.weight', 'controlnet.control_blocks.4.cross_attn.kv_linear.bias', 'controlnet.control_blocks.4.cross_attn.proj.weight', 'controlnet.control_blocks.4.cross_attn.proj.bias', 'controlnet.control_blocks.4.mlp.fc1.weight', 'controlnet.control_blocks.4.mlp.fc1.bias', 'controlnet.control_blocks.4.mlp.fc2.weight', 'controlnet.control_blocks.4.mlp.fc2.bias', 'controlnet.control_blocks.5.scale_shift_table', 'controlnet.control_blocks.5.attn.qkv.weight', 'controlnet.control_blocks.5.attn.qkv.bias', 'controlnet.control_blocks.5.attn.proj.weight', 'controlnet.control_blocks.5.attn.proj.bias', 'controlnet.control_blocks.5.cross_attn.q_linear.weight', 'controlnet.control_blocks.5.cross_attn.q_linear.bias', 'controlnet.control_blocks.5.cross_attn.kv_linear.weight', 'controlnet.control_blocks.5.cross_attn.kv_linear.bias', 'controlnet.control_blocks.5.cross_attn.proj.weight', 'controlnet.control_blocks.5.cross_attn.proj.bias', 'controlnet.control_blocks.5.mlp.fc1.weight', 'controlnet.control_blocks.5.mlp.fc1.bias', 'controlnet.control_blocks.5.mlp.fc2.weight', 'controlnet.control_blocks.5.mlp.fc2.bias', 'controlnet.control_blocks.6.scale_shift_table', 'controlnet.control_blocks.6.attn.qkv.weight', 'controlnet.control_blocks.6.attn.qkv.bias', 'controlnet.control_blocks.6.attn.proj.weight', 'controlnet.control_blocks.6.attn.proj.bias', 'controlnet.control_blocks.6.cross_attn.q_linear.weight', 'controlnet.control_blocks.6.cross_attn.q_linear.bias', 'controlnet.control_blocks.6.cross_attn.kv_linear.weight', 'controlnet.control_blocks.6.cross_attn.kv_linear.bias', 'controlnet.control_blocks.6.cross_attn.proj.weight', 'controlnet.control_blocks.6.cross_attn.proj.bias', 'controlnet.control_blocks.6.mlp.fc1.weight', 'controlnet.control_blocks.6.mlp.fc1.bias', 'controlnet.control_blocks.6.mlp.fc2.weight', 'controlnet.control_blocks.6.mlp.fc2.bias', 'controlnet.control_blocks.7.scale_shift_table', 'controlnet.control_blocks.7.attn.qkv.weight', 'controlnet.control_blocks.7.attn.qkv.bias', 'controlnet.control_blocks.7.attn.proj.weight', 'controlnet.control_blocks.7.attn.proj.bias', 'controlnet.control_blocks.7.cross_attn.q_linear.weight', 'controlnet.control_blocks.7.cross_attn.q_linear.bias', 'controlnet.control_blocks.7.cross_attn.kv_linear.weight', 'controlnet.control_blocks.7.cross_attn.kv_linear.bias', 'controlnet.control_blocks.7.cross_attn.proj.weight', 'controlnet.control_blocks.7.cross_attn.proj.bias', 'controlnet.control_blocks.7.mlp.fc1.weight', 'controlnet.control_blocks.7.mlp.fc1.bias', 'controlnet.control_blocks.7.mlp.fc2.weight', 'controlnet.control_blocks.7.mlp.fc2.bias', 'controlnet.control_blocks.8.scale_shift_table', 'controlnet.control_blocks.8.attn.qkv.weight', 'controlnet.control_blocks.8.attn.qkv.bias', 'controlnet.control_blocks.8.attn.proj.weight', 'controlnet.control_blocks.8.attn.proj.bias', 'controlnet.control_blocks.8.cross_attn.q_linear.weight', 'controlnet.control_blocks.8.cross_attn.q_linear.bias', 'controlnet.control_blocks.8.cross_attn.kv_linear.weight', 'controlnet.control_blocks.8.cross_attn.kv_linear.bias', 'controlnet.control_blocks.8.cross_attn.proj.weight', 'controlnet.control_blocks.8.cross_attn.proj.bias', 'controlnet.control_blocks.8.mlp.fc1.weight', 'controlnet.control_blocks.8.mlp.fc1.bias', 'controlnet.control_blocks.8.mlp.fc2.weight', 'controlnet.control_blocks.8.mlp.fc2.bias', 'controlnet.control_blocks.9.scale_shift_table', 'controlnet.control_blocks.9.attn.qkv.weight', 'controlnet.control_blocks.9.attn.qkv.bias', 'controlnet.control_blocks.9.attn.proj.weight', 'controlnet.control_blocks.9.attn.proj.bias', 'controlnet.control_blocks.9.cross_attn.q_linear.weight', 'controlnet.control_blocks.9.cross_attn.q_linear.bias', 'controlnet.control_blocks.9.cross_attn.kv_linear.weight', 'controlnet.control_blocks.9.cross_attn.kv_linear.bias', 'controlnet.control_blocks.9.cross_attn.proj.weight', 'controlnet.control_blocks.9.cross_attn.proj.bias', 'controlnet.control_blocks.9.mlp.fc1.weight', 'controlnet.control_blocks.9.mlp.fc1.bias', 'controlnet.control_blocks.9.mlp.fc2.weight', 'controlnet.control_blocks.9.mlp.fc2.bias', 'controlnet.control_blocks.10.scale_shift_table', 'controlnet.control_blocks.10.attn.qkv.weight', 'controlnet.control_blocks.10.attn.qkv.bias', 'controlnet.control_blocks.10.attn.proj.weight', 'controlnet.control_blocks.10.attn.proj.bias', 'controlnet.control_blocks.10.cross_attn.q_linear.weight', 'controlnet.control_blocks.10.cross_attn.q_linear.bias', 'controlnet.control_blocks.10.cross_attn.kv_linear.weight', 'controlnet.control_blocks.10.cross_attn.kv_linear.bias', 'controlnet.control_blocks.10.cross_attn.proj.weight', 'controlnet.control_blocks.10.cross_attn.proj.bias', 'controlnet.control_blocks.10.mlp.fc1.weight', 'controlnet.control_blocks.10.mlp.fc1.bias', 'controlnet.control_blocks.10.mlp.fc2.weight', 'controlnet.control_blocks.10.mlp.fc2.bias', 'controlnet.control_blocks.11.scale_shift_table', 'controlnet.control_blocks.11.attn.qkv.weight', 'controlnet.control_blocks.11.attn.qkv.bias', 'controlnet.control_blocks.11.attn.proj.weight', 'controlnet.control_blocks.11.attn.proj.bias', 'controlnet.control_blocks.11.cross_attn.q_linear.weight', 'controlnet.control_blocks.11.cross_attn.q_linear.bias', 'controlnet.control_blocks.11.cross_attn.kv_linear.weight', 'controlnet.control_blocks.11.cross_attn.kv_linear.bias', 'controlnet.control_blocks.11.cross_attn.proj.weight', 'controlnet.control_blocks.11.cross_attn.proj.bias', 'controlnet.control_blocks.11.mlp.fc1.weight', 'controlnet.control_blocks.11.mlp.fc1.bias', 'controlnet.control_blocks.11.mlp.fc2.weight', 'controlnet.control_blocks.11.mlp.fc2.bias', 'controlnet.control_blocks.12.scale_shift_table', 'controlnet.control_blocks.12.attn.qkv.weight', 'controlnet.control_blocks.12.attn.qkv.bias', 'controlnet.control_blocks.12.attn.proj.weight', 'controlnet.control_blocks.12.attn.proj.bias', 'controlnet.control_blocks.12.cross_attn.q_linear.weight', 'controlnet.control_blocks.12.cross_attn.q_linear.bias', 'controlnet.control_blocks.12.cross_attn.kv_linear.weight', 'controlnet.control_blocks.12.cross_attn.kv_linear.bias', 'controlnet.control_blocks.12.cross_attn.proj.weight', 'controlnet.control_blocks.12.cross_attn.proj.bias', 'controlnet.control_blocks.12.mlp.fc1.weight', 'controlnet.control_blocks.12.mlp.fc1.bias', 'controlnet.control_blocks.12.mlp.fc2.weight', 'controlnet.control_blocks.12.mlp.fc2.bias', 'controlnet.control_blocks.13.scale_shift_table', 'controlnet.control_blocks.13.attn.qkv.weight', 'controlnet.control_blocks.13.attn.qkv.bias', 'controlnet.control_blocks.13.attn.proj.weight', 'controlnet.control_blocks.13.attn.proj.bias', 'controlnet.control_blocks.13.cross_attn.q_linear.weight', 'controlnet.control_blocks.13.cross_attn.q_linear.bias', 'controlnet.control_blocks.13.cross_attn.kv_linear.weight', 'controlnet.control_blocks.13.cross_attn.kv_linear.bias', 'controlnet.control_blocks.13.cross_attn.proj.weight', 'controlnet.control_blocks.13.cross_attn.proj.bias', 'controlnet.control_blocks.13.mlp.fc1.weight', 'controlnet.control_blocks.13.mlp.fc1.bias', 'controlnet.control_blocks.13.mlp.fc2.weight', 'controlnet.control_blocks.13.mlp.fc2.bias', 'controlnet.zero_convs.0.weight', 'controlnet.zero_convs.0.bias', 'controlnet.zero_convs.1.weight', 'controlnet.zero_convs.1.bias', 'controlnet.zero_convs.2.weight', 'controlnet.zero_convs.2.bias', 'controlnet.zero_convs.3.weight', 'controlnet.zero_convs.3.bias', 'controlnet.zero_convs.4.weight', 'controlnet.zero_convs.4.bias', 'controlnet.zero_convs.5.weight', 'controlnet.zero_convs.5.bias', 'controlnet.zero_convs.6.weight', 'controlnet.zero_convs.6.bias', 'controlnet.zero_convs.7.weight', 'controlnet.zero_convs.7.bias', 'controlnet.zero_convs.8.weight', 'controlnet.zero_convs.8.bias', 'controlnet.zero_convs.9.weight', 'controlnet.zero_convs.9.bias', 'controlnet.zero_convs.10.weight', 'controlnet.zero_convs.10.bias', 'controlnet.zero_convs.11.weight', 'controlnet.zero_convs.11.bias', 'controlnet.zero_convs.12.weight', 'controlnet.zero_convs.12.bias', 'controlnet.zero_convs.13.weight', 'controlnet.zero_convs.13.bias', 'controlnet.zero_convs.14.weight', 'controlnet.zero_convs.14.bias', 'controlnet.zero_convs.15.weight', 'controlnet.zero_convs.15.bias', 'controlnet.zero_convs.16.weight', 'controlnet.zero_convs.16.bias', 'controlnet.zero_convs.17.weight', 'controlnet.zero_convs.17.bias', 'controlnet.zero_convs.18.weight', 'controlnet.zero_convs.18.bias', 'controlnet.zero_convs.19.weight', 'controlnet.zero_convs.19.bias', 'controlnet.zero_convs.20.weight', 'controlnet.zero_convs.20.bias', 'controlnet.zero_convs.21.weight', 'controlnet.zero_convs.21.bias', 'controlnet.zero_convs.22.weight', 'controlnet.zero_convs.22.bias', 'controlnet.zero_convs.23.weight', 'controlnet.zero_convs.23.bias', 'controlnet.zero_convs.24.weight', 'controlnet.zero_convs.24.bias', 'controlnet.zero_convs.25.weight', 'controlnet.zero_convs.25.bias', 'controlnet.zero_convs.26.weight', 'controlnet.zero_convs.26.bias', 'controlnet.zero_convs.27.weight', 'controlnet.zero_convs.27.bias']
2026-01-29 15:43:20,374 - PixArt - INFO - Initializing ControlNet from base model weights...
2026-01-29 15:43:20,374 - PixArt - INFO - Copying base model weights to ControlNet...
2026-01-29 15:43:20,374 - PixArt - INFO - ControlNet has 14 blocks, Base model has 28 blocks
2026-01-29 15:43:20,375 - PixArt - INFO -   Copying base block 0 -> control block 0
2026-01-29 15:43:20,382 - PixArt - INFO -   Copying base block 2 -> control block 1
2026-01-29 15:43:20,388 - PixArt - INFO -   Copying base block 4 -> control block 2
2026-01-29 15:43:20,394 - PixArt - INFO -   Copying base block 6 -> control block 3
2026-01-29 15:43:20,400 - PixArt - INFO -   Copying base block 8 -> control block 4
2026-01-29 15:43:20,406 - PixArt - INFO -   Copying base block 10 -> control block 5
2026-01-29 15:43:20,412 - PixArt - INFO -   Copying base block 12 -> control block 6
2026-01-29 15:43:20,418 - PixArt - INFO -   Copying base block 14 -> control block 7
2026-01-29 15:43:20,424 - PixArt - INFO -   Copying base block 16 -> control block 8
2026-01-29 15:43:20,430 - PixArt - INFO -   Copying base block 18 -> control block 9
2026-01-29 15:43:20,436 - PixArt - INFO -   Copying base block 20 -> control block 10
2026-01-29 15:43:20,442 - PixArt - INFO -   Copying base block 22 -> control block 11
2026-01-29 15:43:20,448 - PixArt - INFO -   Copying base block 24 -> control block 12
2026-01-29 15:43:20,454 - PixArt - INFO -   Copying base block 26 -> control block 13
2026-01-29 15:43:20,468 - PixArt - INFO - Re-initializing zero conv 0 to zero
2026-01-29 15:43:20,472 - PixArt - INFO - Re-initializing zero conv 1 to zero
2026-01-29 15:43:20,476 - PixArt - INFO - Re-initializing zero conv 2 to zero
2026-01-29 15:43:20,481 - PixArt - INFO - Re-initializing zero conv 3 to zero
2026-01-29 15:43:20,485 - PixArt - INFO - Re-initializing zero conv 4 to zero
2026-01-29 15:43:20,489 - PixArt - INFO - Re-initializing zero conv 5 to zero
2026-01-29 15:43:20,493 - PixArt - INFO - Re-initializing zero conv 6 to zero
2026-01-29 15:43:20,496 - PixArt - INFO - Re-initializing zero conv 7 to zero
2026-01-29 15:43:20,501 - PixArt - INFO - Re-initializing zero conv 8 to zero
2026-01-29 15:43:20,505 - PixArt - INFO - Re-initializing zero conv 9 to zero
2026-01-29 15:43:20,508 - PixArt - INFO - Re-initializing zero conv 10 to zero
2026-01-29 15:43:20,512 - PixArt - INFO - Re-initializing zero conv 11 to zero
2026-01-29 15:43:20,517 - PixArt - INFO - Re-initializing zero conv 12 to zero
2026-01-29 15:43:20,521 - PixArt - INFO - Re-initializing zero conv 13 to zero
2026-01-29 15:43:20,525 - PixArt - INFO - Re-initializing zero conv 14 to zero
2026-01-29 15:43:20,528 - PixArt - INFO - Re-initializing zero conv 15 to zero
2026-01-29 15:43:20,532 - PixArt - INFO - Re-initializing zero conv 16 to zero
2026-01-29 15:43:20,536 - PixArt - INFO - Re-initializing zero conv 17 to zero
2026-01-29 15:43:20,540 - PixArt - INFO - Re-initializing zero conv 18 to zero
2026-01-29 15:43:20,544 - PixArt - INFO - Re-initializing zero conv 19 to zero
2026-01-29 15:43:20,547 - PixArt - INFO - Re-initializing zero conv 20 to zero
2026-01-29 15:43:20,552 - PixArt - INFO - Re-initializing zero conv 21 to zero
2026-01-29 15:43:20,556 - PixArt - INFO - Re-initializing zero conv 22 to zero
2026-01-29 15:43:20,559 - PixArt - INFO - Re-initializing zero conv 23 to zero
2026-01-29 15:43:20,563 - PixArt - INFO - Re-initializing zero conv 24 to zero
2026-01-29 15:43:20,567 - PixArt - INFO - Re-initializing zero conv 25 to zero
2026-01-29 15:43:20,571 - PixArt - INFO - Re-initializing zero conv 26 to zero
2026-01-29 15:43:20,575 - PixArt - INFO - Re-initializing zero conv 27 to zero
2026-01-29 15:43:20,575 - PixArt - INFO - ControlNet initialization complete!
2026-01-29 15:43:20,575 - PixArt - INFO - Copied 14 transformer blocks from base model to ControlNet
2026-01-29 15:43:20,577 - PixArt - INFO - ================================================================================
2026-01-29 15:43:20,577 - PixArt - INFO - Parameter Statistics:
2026-01-29 15:43:20,577 - PixArt - INFO - Total Parameters: 942,847,616
2026-01-29 15:43:20,577 - PixArt - INFO - Trainable Parameters: 334,774,656 (35.51%)
2026-01-29 15:43:20,577 - PixArt - INFO - Frozen Parameters: 608,072,960 (64.49%)
2026-01-29 15:43:20,577 - PixArt - INFO - --------------------------------------------------------------------------------
2026-01-29 15:43:20,577 - PixArt - INFO - Parameter Breakdown:
2026-01-29 15:43:20,578 - PixArt - INFO -   Base Embedders (frozen): 12,767,616
2026-01-29 15:43:20,578 - PixArt - INFO -   Base Blocks (frozen): 595,155,456
2026-01-29 15:43:20,578 - PixArt - INFO -   Base Final Layer (frozen): 149,888
2026-01-29 15:43:20,578 - PixArt - INFO -   ControlNet Embedder (trainable): 5,760
2026-01-29 15:43:20,578 - PixArt - INFO -   ControlNet Blocks (trainable): 297,577,728
2026-01-29 15:43:20,578 - PixArt - INFO -   ControlNet Zero Convs (trainable): 37,191,168
2026-01-29 15:43:20,578 - PixArt - INFO - ================================================================================
2026-01-29 15:43:20,579 - PixArt - INFO - PixArt_UNI_ControlNet Model Parameters: 942,847,616
2026-01-29 15:43:20,581 - PixArt - INFO - Trainable Parameters: 334,774,656
